<?xml version="1.0" encoding="UTF-8"?>
<!-- Generated by org.testng.reporters.JUnitReportReporter -->
<testsuite hostname="dulitha-PC" name="com.cse.nicanalyser.NICCalcTest" tests="3" failures="0" timestamp="12 Sep 2013 05:02:13 GMT" time="0.125" errors="0">
  <testcase name="testCalcVoter" time="0.000" classname="com.cse.nicanalyser.NICCalcTest"/>
  <testcase name="testCalcGender" time="0.001" classname="com.cse.nicanalyser.NICCalcTest"/>
  <testcase name="testCalcBDay" time="0.124" classname="com.cse.nicanalyser.NICCalcTest"/>
</testsuite> <!-- com.cse.nicanalyser.NICCalcTest -->
